0 info it worked if it ends with ok
1 verbose cli [ 'D:\\software\\necserver\\npm\\node.exe',
1 verbose cli   'D:\\software\\necserver\\npm\\node_modules\\npm\\bin\\npm-cli.js',
1 verbose cli   'run',
1 verbose cli   'precommit' ]
2 info using npm@3.5.1
3 info using node@v4.2.3
4 verbose run-script [ 'precommit' ]
5 info lifecycle dockwriter@0.0.1~precommit: dockwriter@0.0.1
6 verbose lifecycle dockwriter@0.0.1~precommit: unsafe-perm in lifecycle true
7 verbose lifecycle dockwriter@0.0.1~precommit: PATH: D:\software\necserver\npm\node_modules\npm\bin\node-gyp-bin;D:\testbed\myrepo\dockWriter\node_modules\.bin;D:\software\cmder\vendor\PortableGit\mingw64\libexec\git-core;D:\software\cmder\vendor\PortableGit\mingw64\bin;D:\software\cmder\vendor\PortableGit\usr\bin;D:\software\TraceCmd;D:\software\necserver\php;D:\software\necserver\npm;D:\software\nbtscan\command;D:\software\dspshrink_v.5.33\win;D:\software\Atom;D:\software\cmder\bin;D:\software\cmder\vendor\PortableGit\usr\bin;D:\software\cmder\vendor\PortableGit\mingw\bin;D:\software\cmder\vendor\PortableGit\cmd;D:\software\cmder\vendor\PortableGit\share\vim\vim74;D:\software\cmder;D:\software\cmder\vendor\Pyportable-2.7.10rc1;D:\software\cmder\vendor\PortableGit\usr\bin;D:\software\cmder\vendor\PortableGit\mingw64\bin;D:\software\cmder\vendor\PortableGit\usr\bin;D:\software\cmder\vendor\PortableGit\cmd;D:\software\cmder\vendor\gow-0.8.0\bin;D:\software\cmder\vendor\conemu-maximus5\ConEmu;D:\software\cmder\vendor\conemu-maximus5;C:\Program Files (x86)\RSA SecurID Token Common;C:\WINDOWS\system32;C:\WINDOWS;C:\WINDOWS\System32\Wbem;C:\WINDOWS\System32\WindowsPowerShell\v1.0;C:\Program Files\WIDCOMM\Bluetooth Software;C:\Program Files\WIDCOMM\Bluetooth Software\syswow64;C:\APPS\ue;C:\APPS\bc;C:\APPS\7zip;C:\apps\cygwin\bin;C:\Program Files (x86)\SafeCom\SafeComPrintClient;C:\Program Files (x86)\WebEx\Productivity Tools;C:\Program Files (x86)\Sennheiser\SoftphoneSDK;C:\Program Files\TortoiseSVN\bin;D:\software\cmder\vendor\gow-0.8.0\bin;C:\Users\dvkx47\AppData\Local\atom\bin;C:\Program Files (x86)\Microsoft VS Code\bin
8 verbose lifecycle dockwriter@0.0.1~precommit: CWD: D:\testbed\myrepo\dockWriter
9 silly lifecycle dockwriter@0.0.1~precommit: Args: [ '/d /s /c', 'npm run lint' ]
10 silly lifecycle dockwriter@0.0.1~precommit: Returned: code: 1  signal: null
11 info lifecycle dockwriter@0.0.1~precommit: Failed to exec precommit script
12 verbose stack Error: dockwriter@0.0.1 precommit: `npm run lint`
12 verbose stack Exit status 1
12 verbose stack     at EventEmitter.<anonymous> (D:\software\necserver\npm\node_modules\npm\lib\utils\lifecycle.js:232:16)
12 verbose stack     at emitTwo (events.js:87:13)
12 verbose stack     at EventEmitter.emit (events.js:172:7)
12 verbose stack     at ChildProcess.<anonymous> (D:\software\necserver\npm\node_modules\npm\lib\utils\spawn.js:24:14)
12 verbose stack     at emitTwo (events.js:87:13)
12 verbose stack     at ChildProcess.emit (events.js:172:7)
12 verbose stack     at maybeClose (internal/child_process.js:818:16)
12 verbose stack     at Process.ChildProcess._handle.onexit (internal/child_process.js:211:5)
13 verbose pkgid dockwriter@0.0.1
14 verbose cwd D:\testbed\myrepo\dockWriter
15 error Windows_NT 6.1.7601
16 error argv "D:\\software\\necserver\\npm\\node.exe" "D:\\software\\necserver\\npm\\node_modules\\npm\\bin\\npm-cli.js" "run" "precommit"
17 error node v4.2.3
18 error npm  v3.5.1
19 error code ELIFECYCLE
20 error dockwriter@0.0.1 precommit: `npm run lint`
20 error Exit status 1
21 error Failed at the dockwriter@0.0.1 precommit script 'npm run lint'.
21 error Make sure you have the latest version of node.js and npm installed.
21 error If you do, this is most likely a problem with the dockwriter package,
21 error not with npm itself.
21 error Tell the author that this fails on your system:
21 error     npm run lint
21 error You can get information on how to open an issue for this project with:
21 error     npm bugs dockwriter
21 error Or if that isn't available, you can get their info via:
21 error     npm owner ls dockwriter
21 error There is likely additional logging output above.
22 verbose exit [ 1, true ]
